<?xml version="1.0" encoding="UTF-8"?>
<testsuite xmlns:xsi="http://www.w3.org/2001/XMLSchema-instance" xsi:noNamespaceSchemaLocation="https://maven.apache.org/surefire/maven-surefire-plugin/xsd/surefire-test-report-3.0.xsd" version="3.0" name="com.drissman.kernel.KernelAuthServiceTest" time="2.134" tests="6" errors="0" skipped="0" failures="0">
  <properties>
[...]
</properties>
  <testcase name="derivedPassword_shouldBeDeterministic" classname="com.drissman.kernel.KernelAuthServiceTest" time="1.66">
    <system-err><![CDATA[WARNING: A Java agent has been loaded dynamically (/home/ulrich/.m2/repository/net/bytebuddy/byte-buddy-agent/1.14.11/byte-buddy-agent-1.14.11.jar)
WARNING: If a serviceability tool is in use, please run with -XX:+EnableDynamicAgentLoading to hide this warning
WARNING: If a serviceability tool is not in use, please run with -Djdk.instrument.traceUsage for more information
WARNING: Dynamic loading of agents will be disallowed by default in a future release
]]></system-err>
  </testcase>
  <testcase name="derivedPassword_shouldMeetKernelPolicy" classname="com.drissman.kernel.KernelAuthServiceTest" time="0.007"/>
  <testcase name="syncUser_shouldNotFail_whenKernelIsDown" classname="com.drissman.kernel.KernelAuthServiceTest" time="0.18">
    <system-out><![CDATA[11:55:59.163 [main] INFO com.drissman.kernel.KernelAuthService -- Login kernel impossible pour test@drissman.cm (connexion refusée), tentative de sign-up
]]></system-out>
  </testcase>
  <testcase name="derivedPassword_shouldDifferPerUser" classname="com.drissman.kernel.KernelAuthServiceTest" time="0.008"/>
  <testcase name="syncUser_shouldStoreTokenAndKernelId_whenLoginSucceeds" classname="com.drissman.kernel.KernelAuthServiceTest" time="0.036"/>
  <testcase name="syncUser_shouldSignUp_whenLoginFails" classname="com.drissman.kernel.KernelAuthServiceTest" time="0.011">
    <system-out><![CDATA[11:55:59.238 [main] INFO com.drissman.kernel.KernelAuthService -- Login kernel impossible pour test@drissman.cm (401 Unauthorized), tentative de sign-up
11:55:59.239 [main] INFO com.drissman.kernel.KernelAuthService -- Compte-miroir kernel créé pour test@drissman.cm — en attente de vérification email
]]></system-out>
  </testcase>
</testsuite>